<?xml version="1.0" encoding="UTF-8"?>
<!-- Generated by org.testng.reporters.JUnitReportReporter -->
<testsuite hostname="DESKTOP-IOO025Q" failures="0" tests="1" name="reqres.CRUDOperations.DeleteUserTest" time="3.845" errors="0" timestamp="2023-03-25T10:07:58 IST" skipped="0">
  <testcase classname="reqres.CRUDOperations.DeleteUserTest" name="deleteUserTest" time="3.845"/>
  <system-out/>
</testsuite> <!-- reqres.CRUDOperations.DeleteUserTest -->
