<?xml version="1.0" encoding="UTF-8"?>
<!-- Generated by org.testng.reporters.JUnitReportReporter -->
<testsuite hostname="DESKTOP-IOO025Q" failures="0" tests="1" name="reqres.waysToPostRequest.CreateUserTestUsingJSONObject" time="10.615" errors="0" timestamp="2023-03-27T09:22:50 IST" skipped="0">
  <testcase classname="reqres.waysToPostRequest.CreateUserTestUsingJSONObject" name="createUserTest" time="10.615"/>
  <system-out/>
</testsuite> <!-- reqres.waysToPostRequest.CreateUserTestUsingJSONObject -->
