<?xml version="1.0" encoding="UTF-8"?>
<!-- Generated by org.testng.reporters.JUnitReportReporter -->
<testsuite hostname="DESKTOP-IOO025Q" failures="0" tests="1" name="reqres.CRUDOperations.CreateUserTest" time="4.663" errors="0" timestamp="2023-03-25T09:35:01 IST" skipped="0">
  <testcase classname="reqres.CRUDOperations.CreateUserTest" name="createUserTest" time="4.663"/>
  <system-out/>
</testsuite> <!-- reqres.CRUDOperations.CreateUserTest -->
