<?xml version="1.0" encoding="UTF-8"?>
<!-- Generated by org.testng.reporters.JUnitReportReporter -->
<testsuite hostname="DESKTOP-IOO025Q" failures="0" tests="1" name="reqres.CRUDOperations.UpdateUsertest" time="5.405" errors="0" timestamp="2023-03-25T09:55:34 IST" skipped="0">
  <testcase classname="reqres.CRUDOperations.UpdateUsertest" name="updateUserTest" time="5.405"/>
  <system-out/>
</testsuite> <!-- reqres.CRUDOperations.UpdateUsertest -->
