<?xml version="1.0" encoding="UTF-8"?>
<!-- Generated by org.testng.reporters.JUnitReportReporter -->
<testsuite hostname="DESKTOP-IOO025Q" failures="0" tests="1" name="reqres.waysToPostRequest.CreateUserTestUsingHashMap" time="4.175" errors="0" timestamp="2023-03-27T09:27:15 IST" skipped="0">
  <testcase classname="reqres.waysToPostRequest.CreateUserTestUsingHashMap" name="createUserTest" time="4.175"/>
  <system-out/>
</testsuite> <!-- reqres.waysToPostRequest.CreateUserTestUsingHashMap -->
