<?xml version="1.0" encoding="UTF-8"?>
<!-- Generated by org.testng.reporters.JUnitReportReporter -->
<testsuite hostname="DESKTOP-IOO025Q" failures="0" tests="1" name="reqres.waysToPostRequest.CreateUserUsingPOJOTest" time="4.377" errors="0" timestamp="2023-03-27T10:19:18 IST" skipped="0">
  <testcase classname="reqres.waysToPostRequest.CreateUserUsingPOJOTest" name="createUserTest" time="4.377"/>
  <system-out/>
</testsuite> <!-- reqres.waysToPostRequest.CreateUserUsingPOJOTest -->
