<?xml version="1.0" encoding="UTF-8"?>
<!-- Generated by org.testng.reporters.JUnitReportReporter -->
<testsuite hostname="DESKTOP-IOO025Q" failures="0" tests="1" name="reqres.CRUDOperationsBDD.RequestChainingGETAndDELETE" time="4.865" errors="0" timestamp="2023-03-28T09:58:15 IST" skipped="0">
  <testcase classname="reqres.CRUDOperationsBDD.RequestChainingGETAndDELETE" name="getAndDeleteUser" time="4.865"/>
  <system-out/>
</testsuite> <!-- reqres.CRUDOperationsBDD.RequestChainingGETAndDELETE -->
