<?xml version="1.0" encoding="UTF-8"?>
<!-- Generated by org.testng.reporters.JUnitReportReporter -->
<testsuite hostname="DESKTOP-IOO025Q" failures="0" tests="1" name="reqres.responseValidation.ResponseBodyValidation" time="3.592" errors="0" timestamp="2023-03-28T09:20:54 IST" skipped="0">
  <testcase classname="reqres.responseValidation.ResponseBodyValidation" name="getAllUsers" time="3.592"/>
  <system-out/>
</testsuite> <!-- reqres.responseValidation.ResponseBodyValidation -->
