<?xml version="1.0" encoding="UTF-8"?>
<!-- Generated by org.testng.reporters.JUnitReportReporter -->
<testsuite hostname="DESKTOP-IOO025Q" failures="0" tests="1" name="reqres.responseValidation.ResponseHeaderValidation" time="3.405" errors="0" timestamp="2023-03-28T09:03:08 IST" skipped="0">
  <testcase classname="reqres.responseValidation.ResponseHeaderValidation" name="headerValidation" time="3.405"/>
  <system-out/>
</testsuite> <!-- reqres.responseValidation.ResponseHeaderValidation -->
