<?xml version="1.0" encoding="UTF-8"?>
<!-- Generated by org.testng.reporters.JUnitReportReporter -->
<testsuite hostname="DESKTOP-IOO025Q" failures="0" tests="1" name="reqres.waysToPostRequest.CreateUserTestUsingJSONFile" time="3.334" errors="0" timestamp="2023-03-27T09:47:45 IST" skipped="0">
  <testcase classname="reqres.waysToPostRequest.CreateUserTestUsingJSONFile" name="createUserTest" time="3.334"/>
  <system-out/>
</testsuite> <!-- reqres.waysToPostRequest.CreateUserTestUsingJSONFile -->
