<?xml version="1.0" encoding="UTF-8"?>
<!-- Generated by org.testng.reporters.JUnitReportReporter -->
<testsuite hostname="DESKTOP-IOO025Q" failures="0" tests="1" name="reqres.CRUDOperations.GetAllUsersTest" time="6.368" errors="0" timestamp="2023-03-25T09:46:11 IST" skipped="0">
  <testcase classname="reqres.CRUDOperations.GetAllUsersTest" name="getAllUsersTest" time="6.368"/>
  <system-out/>
</testsuite> <!-- reqres.CRUDOperations.GetAllUsersTest -->
